Analysis & Synthesis report for PIC
Tue Dec 17 23:15:59 2024
Quartus II Version 9.1 Build 350 03/24/2010 Service Pack 2 SJ Web Edition


---------------------
; Table of Contents ;
---------------------
  1. Legal Notice
  2. Analysis & Synthesis Summary
  3. Analysis & Synthesis Settings
  4. Parallel Compilation
  5. Analysis & Synthesis Source Files Read
  6. Analysis & Synthesis Resource Usage Summary
  7. Analysis & Synthesis Resource Utilization by Entity
  8. Analysis & Synthesis RAM Summary
  9. State Machine - |PIC|controller:inst3|presState
 10. User-Specified and Inferred Latches
 11. General Register Statistics
 12. Inverted Register Statistics
 13. Multiplexer Restructuring Statistics (Restructuring Performed)
 14. Source assignments for rom_4096x14:inst7|altsyncram:altsyncram_component|altsyncram_cu71:auto_generated
 15. Parameter Settings for User Entity Instance: rom_4096x14:inst7|altsyncram:altsyncram_component
 16. Parameter Settings for User Entity Instance: BUSMUX:inst
 17. Parameter Settings for User Entity Instance: port_io:inst13
 18. Parameter Settings for User Entity Instance: port_io:inst12
 19. altsyncram Parameter Settings by Entity Instance
 20. Analysis & Synthesis Messages



----------------
; Legal Notice ;
----------------
Copyright (C) 1991-2010 Altera Corporation
Your use of Altera Corporation's design tools, logic functions 
and other software and tools, and its AMPP partner logic 
functions, and any output files from any of the foregoing 
(including device programming or simulation files), and any 
associated documentation or information are expressly subject 
to the terms and conditions of the Altera Program License 
Subscription Agreement, Altera MegaCore Function License 
Agreement, or other applicable license agreement, including, 
without limitation, that your use is for the sole purpose of 
programming logic devices manufactured by Altera and sold by 
Altera or its authorized distributors.  Please refer to the 
applicable agreement for further details.



+-----------------------------------------------------------------------------------+
; Analysis & Synthesis Summary                                                      ;
+------------------------------------+----------------------------------------------+
; Analysis & Synthesis Status        ; Successful - Tue Dec 17 23:15:59 2024        ;
; Quartus II Version                 ; 9.1 Build 350 03/24/2010 SP 2 SJ Web Edition ;
; Revision Name                      ; PIC                                          ;
; Top-level Entity Name              ; PIC                                          ;
; Family                             ; Cyclone II                                   ;
; Total logic elements               ; 4,309                                        ;
;     Total combinational functions  ; 2,210                                        ;
;     Dedicated logic registers      ; 2,245                                        ;
; Total registers                    ; 2245                                         ;
; Total pins                         ; 102                                          ;
; Total virtual pins                 ; 0                                            ;
; Total memory bits                  ; 57,344                                       ;
; Embedded Multiplier 9-bit elements ; 0                                            ;
; Total PLLs                         ; 0                                            ;
+------------------------------------+----------------------------------------------+


+----------------------------------------------------------------------------------------------------------------------+
; Analysis & Synthesis Settings                                                                                        ;
+----------------------------------------------------------------------------+--------------------+--------------------+
; Option                                                                     ; Setting            ; Default Value      ;
+----------------------------------------------------------------------------+--------------------+--------------------+
; Device                                                                     ; EP2C35F672C6       ;                    ;
; Top-level entity name                                                      ; PIC                ; PIC                ;
; Family name                                                                ; Cyclone II         ; Stratix II         ;
; Use Generated Physical Constraints File                                    ; Off                ;                    ;
; Use smart compilation                                                      ; Off                ; Off                ;
; Enable parallel Assembler and TimeQuest Timing Analyzer during compilation ; On                 ; On                 ;
; Enable compact report table                                                ; Off                ; Off                ;
; Restructure Multiplexers                                                   ; Auto               ; Auto               ;
; Create Debugging Nodes for IP Cores                                        ; Off                ; Off                ;
; Preserve fewer node names                                                  ; On                 ; On                 ;
; Disable OpenCore Plus hardware evaluation                                  ; Off                ; Off                ;
; Verilog Version                                                            ; Verilog_2001       ; Verilog_2001       ;
; VHDL Version                                                               ; VHDL_1993          ; VHDL_1993          ;
; State Machine Processing                                                   ; Auto               ; Auto               ;
; Safe State Machine                                                         ; Off                ; Off                ;
; Extract Verilog State Machines                                             ; On                 ; On                 ;
; Extract VHDL State Machines                                                ; On                 ; On                 ;
; Ignore Verilog initial constructs                                          ; Off                ; Off                ;
; Iteration limit for constant Verilog loops                                 ; 5000               ; 5000               ;
; Iteration limit for non-constant Verilog loops                             ; 250                ; 250                ;
; Add Pass-Through Logic to Inferred RAMs                                    ; On                 ; On                 ;
; Parallel Synthesis                                                         ; On                 ; On                 ;
; DSP Block Balancing                                                        ; Auto               ; Auto               ;
; NOT Gate Push-Back                                                         ; On                 ; On                 ;
; Power-Up Don't Care                                                        ; On                 ; On                 ;
; Remove Redundant Logic Cells                                               ; Off                ; Off                ;
; Remove Duplicate Registers                                                 ; On                 ; On                 ;
; Ignore CARRY Buffers                                                       ; Off                ; Off                ;
; Ignore CASCADE Buffers                                                     ; Off                ; Off                ;
; Ignore GLOBAL Buffers                                                      ; Off                ; Off                ;
; Ignore ROW GLOBAL Buffers                                                  ; Off                ; Off                ;
; Ignore LCELL Buffers                                                       ; Off                ; Off                ;
; Ignore SOFT Buffers                                                        ; On                 ; On                 ;
; Limit AHDL Integers to 32 Bits                                             ; Off                ; Off                ;
; Optimization Technique                                                     ; Balanced           ; Balanced           ;
; Carry Chain Length                                                         ; 70                 ; 70                 ;
; Auto Carry Chains                                                          ; On                 ; On                 ;
; Auto Open-Drain Pins                                                       ; On                 ; On                 ;
; Perform WYSIWYG Primitive Resynthesis                                      ; Off                ; Off                ;
; Auto ROM Replacement                                                       ; On                 ; On                 ;
; Auto RAM Replacement                                                       ; On                 ; On                 ;
; Auto Shift Register Replacement                                            ; Auto               ; Auto               ;
; Auto Clock Enable Replacement                                              ; On                 ; On                 ;
; Strict RAM Replacement                                                     ; Off                ; Off                ;
; Allow Synchronous Control Signals                                          ; On                 ; On                 ;
; Force Use of Synchronous Clear Signals                                     ; Off                ; Off                ;
; Auto RAM to Logic Cell Conversion                                          ; Off                ; Off                ;
; Auto Resource Sharing                                                      ; Off                ; Off                ;
; Allow Any RAM Size For Recognition                                         ; Off                ; Off                ;
; Allow Any ROM Size For Recognition                                         ; Off                ; Off                ;
; Allow Any Shift Register Size For Recognition                              ; Off                ; Off                ;
; Use LogicLock Constraints during Resource Balancing                        ; On                 ; On                 ;
; Ignore translate_off and synthesis_off directives                          ; Off                ; Off                ;
; Timing-Driven Synthesis                                                    ; Off                ; Off                ;
; Show Parameter Settings Tables in Synthesis Report                         ; On                 ; On                 ;
; Ignore Maximum Fan-Out Assignments                                         ; Off                ; Off                ;
; Synchronization Register Chain Length                                      ; 2                  ; 2                  ;
; PowerPlay Power Optimization                                               ; Normal compilation ; Normal compilation ;
; HDL message level                                                          ; Level2             ; Level2             ;
; Suppress Register Optimization Related Messages                            ; Off                ; Off                ;
; Number of Removed Registers Reported in Synthesis Report                   ; 5000               ; 5000               ;
; Number of Inverted Registers Reported in Synthesis Report                  ; 100                ; 100                ;
; Clock MUX Protection                                                       ; On                 ; On                 ;
; Auto Gated Clock Conversion                                                ; Off                ; Off                ;
; Block Design Naming                                                        ; Auto               ; Auto               ;
; SDC constraint protection                                                  ; Off                ; Off                ;
; Synthesis Effort                                                           ; Auto               ; Auto               ;
; Shift Register Replacement - Allow Asynchronous Clear Signal               ; On                 ; On                 ;
; Analysis & Synthesis Message Level                                         ; Medium             ; Medium             ;
; Disable Register Merging Across Hierarchies                                ; Auto               ; Auto               ;
; Resource Aware Inference For Block RAM                                     ; On                 ; On                 ;
+----------------------------------------------------------------------------+--------------------+--------------------+


Parallel compilation was disabled, but you have multiple processors available. Enable parallel compilation to reduce compilation time.
+-------------------------------------+
; Parallel Compilation                ;
+----------------------------+--------+
; Processors                 ; Number ;
+----------------------------+--------+
; Number detected on machine ; 16     ;
; Maximum allowed            ; 1      ;
+----------------------------+--------+


+------------------------------------------------------------------------------------------------------------------------------------------------------------------------------------------------------------------------+
; Analysis & Synthesis Source Files Read                                                                                                                                                                                 ;
+----------------------------------+-----------------+----------------------------------------+--------------------------------------------------------------------------------------------------------------------------+
; File Name with User-Entered Path ; Used in Netlist ; File Type                              ; File Name with Absolute Path                                                                                             ;
+----------------------------------+-----------------+----------------------------------------+--------------------------------------------------------------------------------------------------------------------------+
; blocks/controller/controller.vhd ; yes             ; User VHDL File                         ; Z:/home/rafael/MEGA/Projects/faculdade/reconfiguraveis/PUC-sistemas-reconfiguraveis/tp4/blocks/controller/controller.vhd ;
; blocks/ram_mem/ram_mem.vhd       ; yes             ; User VHDL File                         ; Z:/home/rafael/MEGA/Projects/faculdade/reconfiguraveis/PUC-sistemas-reconfiguraveis/tp4/blocks/ram_mem/ram_mem.vhd       ;
; blocks/port_io/port_io.vhd       ; yes             ; User VHDL File                         ; Z:/home/rafael/MEGA/Projects/faculdade/reconfiguraveis/PUC-sistemas-reconfiguraveis/tp4/blocks/port_io/port_io.vhd       ;
; blocks/w_reg/w_reg.vhd           ; yes             ; User VHDL File                         ; Z:/home/rafael/MEGA/Projects/faculdade/reconfiguraveis/PUC-sistemas-reconfiguraveis/tp4/blocks/w_reg/w_reg.vhd           ;
; blocks/ULA/ULA.vhd               ; yes             ; User VHDL File                         ; Z:/home/rafael/MEGA/Projects/faculdade/reconfiguraveis/PUC-sistemas-reconfiguraveis/tp4/blocks/ULA/ULA.vhd               ;
; blocks/status_reg/status_reg.vhd ; yes             ; User VHDL File                         ; Z:/home/rafael/MEGA/Projects/faculdade/reconfiguraveis/PUC-sistemas-reconfiguraveis/tp4/blocks/status_reg/status_reg.vhd ;
; blocks/pc_reg/pc_reg.vhd         ; yes             ; User VHDL File                         ; Z:/home/rafael/MEGA/Projects/faculdade/reconfiguraveis/PUC-sistemas-reconfiguraveis/tp4/blocks/pc_reg/pc_reg.vhd         ;
; blocks/fsr_reg/fsr_reg.vhd       ; yes             ; User VHDL File                         ; Z:/home/rafael/MEGA/Projects/faculdade/reconfiguraveis/PUC-sistemas-reconfiguraveis/tp4/blocks/fsr_reg/fsr_reg.vhd       ;
; blocks/addr_mux/addr_max.vhd     ; yes             ; User VHDL File                         ; Z:/home/rafael/MEGA/Projects/faculdade/reconfiguraveis/PUC-sistemas-reconfiguraveis/tp4/blocks/addr_mux/addr_max.vhd     ;
; PIC.bdf                          ; yes             ; User Block Diagram/Schematic File      ; Z:/home/rafael/MEGA/Projects/faculdade/reconfiguraveis/PUC-sistemas-reconfiguraveis/tp4/PIC.bdf                          ;
; rom_4096x14.vhd                  ; yes             ; User Wizard-Generated File             ; Z:/home/rafael/MEGA/Projects/faculdade/reconfiguraveis/PUC-sistemas-reconfiguraveis/tp4/rom_4096x14.vhd                  ;
; altsyncram.tdf                   ; yes             ; Megafunction                           ; z:/home/rafael/mega/projects/faculdade/reconfiguraveis/altera/91sp2/quartus/libraries/megafunctions/altsyncram.tdf       ;
; db/altsyncram_cu71.tdf           ; yes             ; Auto-Generated Megafunction            ; Z:/home/rafael/MEGA/Projects/faculdade/reconfiguraveis/PUC-sistemas-reconfiguraveis/tp4/db/altsyncram_cu71.tdf           ;
; montador/out.mif                 ; yes             ; Auto-Found Memory Initialization File  ; Z:/home/rafael/MEGA/Projects/faculdade/reconfiguraveis/PUC-sistemas-reconfiguraveis/tp4/montador/out.mif                 ;
; busmux.tdf                       ; yes             ; Megafunction                           ; z:/home/rafael/mega/projects/faculdade/reconfiguraveis/altera/91sp2/quartus/libraries/megafunctions/busmux.tdf           ;
; lpm_mux.tdf                      ; yes             ; Megafunction                           ; z:/home/rafael/mega/projects/faculdade/reconfiguraveis/altera/91sp2/quartus/libraries/megafunctions/lpm_mux.tdf          ;
; db/mux_smc.tdf                   ; yes             ; Auto-Generated Megafunction            ; Z:/home/rafael/MEGA/Projects/faculdade/reconfiguraveis/PUC-sistemas-reconfiguraveis/tp4/db/mux_smc.tdf                   ;
+----------------------------------+-----------------+----------------------------------------+--------------------------------------------------------------------------------------------------------------------------+


+-----------------------------------------------------+
; Analysis & Synthesis Resource Usage Summary         ;
+---------------------------------------------+-------+
; Resource                                    ; Usage ;
+---------------------------------------------+-------+
; Estimated Total logic elements              ; 4,309 ;
;                                             ;       ;
; Total combinational functions               ; 2210  ;
; Logic element usage by number of LUT inputs ;       ;
;     -- 4 input functions                    ; 1894  ;
;     -- 3 input functions                    ; 260   ;
;     -- <=2 input functions                  ; 56    ;
;                                             ;       ;
; Logic elements by mode                      ;       ;
;     -- normal mode                          ; 2181  ;
;     -- arithmetic mode                      ; 29    ;
;                                             ;       ;
; Total registers                             ; 2245  ;
;     -- Dedicated logic registers            ; 2245  ;
;     -- I/O registers                        ; 0     ;
;                                             ;       ;
; I/O pins                                    ; 102   ;
; Total memory bits                           ; 57344 ;
; Maximum fan-out node                        ; clk   ;
; Maximum fan-out                             ; 2259  ;
; Total fan-out                               ; 17700 ;
; Average fan-out                             ; 3.87  ;
+---------------------------------------------+-------+


+--------------------------------------------------------------------------------------------------------------------------------------------------------------------------------------------------------------------------------------------------------------+
; Analysis & Synthesis Resource Utilization by Entity                                                                                                                                                                                                          ;
+-------------------------------------------+-------------------+--------------+-------------+--------------+---------+-----------+------+--------------+---------------------------------------------------------------------------------------+--------------+
; Compilation Hierarchy Node                ; LC Combinationals ; LC Registers ; Memory Bits ; DSP Elements ; DSP 9x9 ; DSP 18x18 ; Pins ; Virtual Pins ; Full Hierarchy Name                                                                   ; Library Name ;
+-------------------------------------------+-------------------+--------------+-------------+--------------+---------+-----------+------+--------------+---------------------------------------------------------------------------------------+--------------+
; |PIC                                      ; 2210 (0)          ; 2245 (0)     ; 57344       ; 0            ; 0       ; 0         ; 102  ; 0            ; |PIC                                                                                  ; work         ;
;    |addr_max:inst5|                       ; 11 (11)           ; 0 (0)        ; 0           ; 0            ; 0       ; 0         ; 0    ; 0            ; |PIC|addr_max:inst5                                                                   ; work         ;
;    |busmux:inst|                          ; 9 (0)             ; 0 (0)        ; 0           ; 0            ; 0       ; 0         ; 0    ; 0            ; |PIC|busmux:inst                                                                      ;              ;
;       |lpm_mux:$00000|                    ; 9 (0)             ; 0 (0)        ; 0           ; 0            ; 0       ; 0         ; 0    ; 0            ; |PIC|busmux:inst|lpm_mux:$00000                                                       ;              ;
;          |mux_smc:auto_generated|         ; 9 (9)             ; 0 (0)        ; 0           ; 0            ; 0       ; 0         ; 0    ; 0            ; |PIC|busmux:inst|lpm_mux:$00000|mux_smc:auto_generated                                ;              ;
;    |controller:inst3|                     ; 71 (71)           ; 3 (3)        ; 0           ; 0            ; 0       ; 0         ; 0    ; 0            ; |PIC|controller:inst3                                                                 ;              ;
;    |fsr_reg:inst6|                        ; 4 (4)             ; 8 (8)        ; 0           ; 0            ; 0       ; 0         ; 0    ; 0            ; |PIC|fsr_reg:inst6                                                                    ;              ;
;    |pc_reg:inst10|                        ; 180 (180)         ; 138 (138)    ; 0           ; 0            ; 0       ; 0         ; 0    ; 0            ; |PIC|pc_reg:inst10                                                                    ; work         ;
;    |port_io:inst12|                       ; 32 (32)           ; 16 (16)      ; 0           ; 0            ; 0       ; 0         ; 0    ; 0            ; |PIC|port_io:inst12                                                                   ;              ;
;    |port_io:inst13|                       ; 35 (35)           ; 16 (16)      ; 0           ; 0            ; 0       ; 0         ; 0    ; 0            ; |PIC|port_io:inst13                                                                   ;              ;
;    |ram_mem:inst14|                       ; 1678 (1678)       ; 2048 (2048)  ; 0           ; 0            ; 0       ; 0         ; 0    ; 0            ; |PIC|ram_mem:inst14                                                                   ;              ;
;    |rom_4096x14:inst7|                    ; 0 (0)             ; 0 (0)        ; 57344       ; 0            ; 0       ; 0         ; 0    ; 0            ; |PIC|rom_4096x14:inst7                                                                ; work         ;
;       |altsyncram:altsyncram_component|   ; 0 (0)             ; 0 (0)        ; 57344       ; 0            ; 0       ; 0         ; 0    ; 0            ; |PIC|rom_4096x14:inst7|altsyncram:altsyncram_component                                ; work         ;
;          |altsyncram_cu71:auto_generated| ; 0 (0)             ; 0 (0)        ; 57344       ; 0            ; 0       ; 0         ; 0    ; 0            ; |PIC|rom_4096x14:inst7|altsyncram:altsyncram_component|altsyncram_cu71:auto_generated ; work         ;
;    |status_reg:inst4|                     ; 42 (42)           ; 8 (8)        ; 0           ; 0            ; 0       ; 0         ; 0    ; 0            ; |PIC|status_reg:inst4                                                                 ; work         ;
;    |ula:inst2|                            ; 148 (148)         ; 0 (0)        ; 0           ; 0            ; 0       ; 0         ; 0    ; 0            ; |PIC|ula:inst2                                                                        ; work         ;
;    |w_reg:inst1|                          ; 0 (0)             ; 8 (8)        ; 0           ; 0            ; 0       ; 0         ; 0    ; 0            ; |PIC|w_reg:inst1                                                                      ;              ;
+-------------------------------------------+-------------------+--------------+-------------+--------------+---------+-----------+------+--------------+---------------------------------------------------------------------------------------+--------------+
Note: For table entries with two numbers listed, the numbers in parentheses indicate the number of resources of the given type used by the specific entity alone. The numbers listed outside of parentheses indicate the total resources of the given type used by the specific entity and all of its sub-entities in the hierarchy.


+----------------------------------------------------------------------------------------------------------------------------------------------------------------------------------------------------+
; Analysis & Synthesis RAM Summary                                                                                                                                                                   ;
+---------------------------------------------------------------------------------------------+------+------+--------------+--------------+--------------+--------------+-------+--------------------+
; Name                                                                                        ; Type ; Mode ; Port A Depth ; Port A Width ; Port B Depth ; Port B Width ; Size  ; MIF                ;
+---------------------------------------------------------------------------------------------+------+------+--------------+--------------+--------------+--------------+-------+--------------------+
; rom_4096x14:inst7|altsyncram:altsyncram_component|altsyncram_cu71:auto_generated|ALTSYNCRAM ; AUTO ; ROM  ; 4096         ; 14           ; --           ; --           ; 57344 ; ./montador/out.mif ;
+---------------------------------------------------------------------------------------------+------+------+--------------+--------------+--------------+--------------+-------+--------------------+


Encoding Type:  One-Hot
+----------------------------------------------------------------------------------------+
; State Machine - |PIC|controller:inst3|presState                                        ;
+------------------------+------------------------+----------------------+---------------+
; Name                   ; presState.fetch_dec_ex ; presState.fetch_only ; presState.rst ;
+------------------------+------------------------+----------------------+---------------+
; presState.rst          ; 0                      ; 0                    ; 0             ;
; presState.fetch_only   ; 0                      ; 1                    ; 1             ;
; presState.fetch_dec_ex ; 1                      ; 0                    ; 1             ;
+------------------------+------------------------+----------------------+---------------+


+--------------------------------------------------------------------------------------------------------+
; User-Specified and Inferred Latches                                                                    ;
+-----------------------------------------------------+-------------------------+------------------------+
; Latch Name                                          ; Latch Enable Signal     ; Free of Timing Hazards ;
+-----------------------------------------------------+-------------------------+------------------------+
; ram_mem:inst14|dbus_out[2]$latch                    ; ram_mem:inst14|WideNor1 ; yes                    ;
; ram_mem:inst14|dbus_out[6]_15003                    ; ram_mem:inst14|WideNor1 ; yes                    ;
; port_io:inst13|latch[2]                             ; port_io:inst13|latch    ; yes                    ;
; port_io:inst12|latch[2]                             ; port_io:inst12|latch    ; yes                    ;
; ram_mem:inst14|dbus_out[6]$latch                    ; ram_mem:inst14|WideNor1 ; yes                    ;
; port_io:inst13|latch[6]                             ; port_io:inst13|latch    ; yes                    ;
; port_io:inst12|latch[6]                             ; port_io:inst12|latch    ; yes                    ;
; ram_mem:inst14|dbus_out[5]$latch                    ; ram_mem:inst14|WideNor1 ; yes                    ;
; port_io:inst13|latch[5]                             ; port_io:inst13|latch    ; yes                    ;
; port_io:inst12|latch[5]                             ; port_io:inst12|latch    ; yes                    ;
; ram_mem:inst14|dbus_out[4]$latch                    ; ram_mem:inst14|WideNor1 ; yes                    ;
; port_io:inst13|latch[4]                             ; port_io:inst13|latch    ; yes                    ;
; port_io:inst12|latch[4]                             ; port_io:inst12|latch    ; yes                    ;
; ram_mem:inst14|dbus_out[3]$latch                    ; ram_mem:inst14|WideNor1 ; yes                    ;
; port_io:inst13|latch[3]                             ; port_io:inst13|latch    ; yes                    ;
; port_io:inst12|latch[3]                             ; port_io:inst12|latch    ; yes                    ;
; ram_mem:inst14|dbus_out[1]$latch                    ; ram_mem:inst14|WideNor1 ; yes                    ;
; port_io:inst13|latch[1]                             ; port_io:inst13|latch    ; yes                    ;
; port_io:inst12|latch[1]                             ; port_io:inst12|latch    ; yes                    ;
; ram_mem:inst14|dbus_out[0]$latch                    ; ram_mem:inst14|WideNor1 ; yes                    ;
; ram_mem:inst14|dbus_out[0]_14937                    ; ram_mem:inst14|WideNor1 ; yes                    ;
; port_io:inst13|latch[0]                             ; port_io:inst13|latch    ; yes                    ;
; port_io:inst12|latch[0]                             ; port_io:inst12|latch    ; yes                    ;
; ram_mem:inst14|dbus_out[7]$latch                    ; ram_mem:inst14|WideNor1 ; yes                    ;
; port_io:inst13|latch[7]                             ; port_io:inst13|latch    ; yes                    ;
; port_io:inst12|latch[7]                             ; port_io:inst12|latch    ; yes                    ;
; Number of user-specified and inferred latches = 26  ;                         ;                        ;
+-----------------------------------------------------+-------------------------+------------------------+
Note: All latches listed above may not be present at the end of synthesis due to various synthesis optimizations.


+------------------------------------------------------+
; General Register Statistics                          ;
+----------------------------------------------+-------+
; Statistic                                    ; Value ;
+----------------------------------------------+-------+
; Total registers                              ; 2245  ;
; Number of registers using Synchronous Clear  ; 0     ;
; Number of registers using Synchronous Load   ; 0     ;
; Number of registers using Asynchronous Clear ; 2232  ;
; Number of registers using Asynchronous Load  ; 0     ;
; Number of registers using Clock Enable       ; 2226  ;
; Number of registers using Preset             ; 0     ;
+----------------------------------------------+-------+


+---------------------------------------------------+
; Inverted Register Statistics                      ;
+-----------------------------------------+---------+
; Inverted Register                       ; Fan out ;
+-----------------------------------------+---------+
; port_io:inst13|tris_reg[6]              ; 2       ;
; port_io:inst12|tris_reg[6]              ; 2       ;
; port_io:inst13|tris_reg[5]              ; 2       ;
; port_io:inst12|tris_reg[5]              ; 2       ;
; port_io:inst13|tris_reg[4]              ; 2       ;
; port_io:inst12|tris_reg[4]              ; 2       ;
; port_io:inst13|tris_reg[7]              ; 2       ;
; port_io:inst12|tris_reg[7]              ; 2       ;
; port_io:inst13|tris_reg[2]              ; 2       ;
; port_io:inst12|tris_reg[2]              ; 2       ;
; port_io:inst13|tris_reg[1]              ; 2       ;
; port_io:inst12|tris_reg[1]              ; 2       ;
; port_io:inst13|tris_reg[0]              ; 2       ;
; port_io:inst12|tris_reg[0]              ; 2       ;
; port_io:inst13|tris_reg[3]              ; 2       ;
; port_io:inst12|tris_reg[3]              ; 2       ;
; Total number of inverted registers = 16 ;         ;
+-----------------------------------------+---------+


+--------------------------------------------------------------------------------------------------------------------------------------------------+
; Multiplexer Restructuring Statistics (Restructuring Performed)                                                                                   ;
+--------------------+-----------+---------------+----------------------+------------------------+------------+------------------------------------+
; Multiplexer Inputs ; Bus Width ; Baseline Area ; Area if Restructured ; Saving if Restructured ; Registered ; Example Multiplexer Output         ;
+--------------------+-----------+---------------+----------------------+------------------------+------------+------------------------------------+
; 3:1                ; 13 bits   ; 26 LEs        ; 13 LEs               ; 13 LEs                 ; Yes        ; |PIC|pc_reg:inst10|stack_reg8[4]   ;
; 3:1                ; 91 bits   ; 182 LEs       ; 91 LEs               ; 91 LEs                 ; Yes        ; |PIC|pc_reg:inst10|stack_reg5[7]   ;
; 3:1                ; 8 bits    ; 16 LEs        ; 0 LEs                ; 16 LEs                 ; Yes        ; |PIC|ram_mem:inst14|mem_com[15][7] ;
; 3:1                ; 8 bits    ; 16 LEs        ; 0 LEs                ; 16 LEs                 ; Yes        ; |PIC|ram_mem:inst14|mem_com[14][7] ;
; 3:1                ; 8 bits    ; 16 LEs        ; 0 LEs                ; 16 LEs                 ; Yes        ; |PIC|ram_mem:inst14|mem_com[13][7] ;
; 3:1                ; 8 bits    ; 16 LEs        ; 0 LEs                ; 16 LEs                 ; Yes        ; |PIC|ram_mem:inst14|mem_com[12][7] ;
; 3:1                ; 8 bits    ; 16 LEs        ; 0 LEs                ; 16 LEs                 ; Yes        ; |PIC|ram_mem:inst14|mem_com[11][7] ;
; 3:1                ; 8 bits    ; 16 LEs        ; 0 LEs                ; 16 LEs                 ; Yes        ; |PIC|ram_mem:inst14|mem_com[10][7] ;
; 3:1                ; 8 bits    ; 16 LEs        ; 0 LEs                ; 16 LEs                 ; Yes        ; |PIC|ram_mem:inst14|mem_com[9][7]  ;
; 3:1                ; 8 bits    ; 16 LEs        ; 0 LEs                ; 16 LEs                 ; Yes        ; |PIC|ram_mem:inst14|mem_com[8][4]  ;
; 3:1                ; 8 bits    ; 16 LEs        ; 0 LEs                ; 16 LEs                 ; Yes        ; |PIC|ram_mem:inst14|mem_com[7][6]  ;
; 3:1                ; 8 bits    ; 16 LEs        ; 0 LEs                ; 16 LEs                 ; Yes        ; |PIC|ram_mem:inst14|mem_com[6][3]  ;
; 3:1                ; 8 bits    ; 16 LEs        ; 0 LEs                ; 16 LEs                 ; Yes        ; |PIC|ram_mem:inst14|mem_com[5][1]  ;
; 3:1                ; 8 bits    ; 16 LEs        ; 0 LEs                ; 16 LEs                 ; Yes        ; |PIC|ram_mem:inst14|mem_com[4][6]  ;
; 3:1                ; 8 bits    ; 16 LEs        ; 0 LEs                ; 16 LEs                 ; Yes        ; |PIC|ram_mem:inst14|mem_com[3][0]  ;
; 3:1                ; 8 bits    ; 16 LEs        ; 0 LEs                ; 16 LEs                 ; Yes        ; |PIC|ram_mem:inst14|mem_com[2][6]  ;
; 3:1                ; 8 bits    ; 16 LEs        ; 0 LEs                ; 16 LEs                 ; Yes        ; |PIC|ram_mem:inst14|mem_com[1][7]  ;
; 3:1                ; 8 bits    ; 16 LEs        ; 0 LEs                ; 16 LEs                 ; Yes        ; |PIC|ram_mem:inst14|mem_com[0][6]  ;
; 3:1                ; 3 bits    ; 6 LEs         ; 3 LEs                ; 3 LEs                  ; No         ; |PIC|controller:inst3|wr_dc_en     ;
; 5:1                ; 2 bits    ; 6 LEs         ; 2 LEs                ; 4 LEs                  ; No         ; |PIC|controller:inst3|whichOP[3]   ;
; 5:1                ; 2 bits    ; 6 LEs         ; 4 LEs                ; 2 LEs                  ; No         ; |PIC|controller:inst3|whichOP[0]   ;
; 5:1                ; 2 bits    ; 6 LEs         ; 6 LEs                ; 0 LEs                  ; No         ; |PIC|controller:inst3|op_sel[2]    ;
; 5:1                ; 2 bits    ; 6 LEs         ; 4 LEs                ; 2 LEs                  ; No         ; |PIC|pc_reg:inst10|nextpc_out[11]  ;
; 5:1                ; 11 bits   ; 33 LEs        ; 33 LEs               ; 0 LEs                  ; No         ; |PIC|pc_reg:inst10|nextpc_out[10]  ;
; 12:1               ; 2 bits    ; 16 LEs        ; 8 LEs                ; 8 LEs                  ; No         ; |PIC|controller:inst3|Mux36        ;
; 14:1               ; 8 bits    ; 72 LEs        ; 64 LEs               ; 8 LEs                  ; No         ; |PIC|ula:inst2|Mux2                ;
; 3:1                ; 7 bits    ; 14 LEs        ; 14 LEs               ; 0 LEs                  ; No         ; |PIC|ula:inst2|Add0                ;
; 256:1              ; 8 bits    ; 1360 LEs      ; 1360 LEs             ; 0 LEs                  ; No         ; |PIC|ram_mem:inst14|Selector6      ;
+--------------------+-----------+---------------+----------------------+------------------------+------------+------------------------------------+


+---------------------------------------------------------------------------------------------------------+
; Source assignments for rom_4096x14:inst7|altsyncram:altsyncram_component|altsyncram_cu71:auto_generated ;
+---------------------------------+--------------------+------+-------------------------------------------+
; Assignment                      ; Value              ; From ; To                                        ;
+---------------------------------+--------------------+------+-------------------------------------------+
; OPTIMIZE_POWER_DURING_SYNTHESIS ; NORMAL_COMPILATION ; -    ; -                                         ;
+---------------------------------+--------------------+------+-------------------------------------------+


+------------------------------------------------------------------------------------------------+
; Parameter Settings for User Entity Instance: rom_4096x14:inst7|altsyncram:altsyncram_component ;
+------------------------------------+----------------------+------------------------------------+
; Parameter Name                     ; Value                ; Type                               ;
+------------------------------------+----------------------+------------------------------------+
; BYTE_SIZE_BLOCK                    ; 8                    ; Untyped                            ;
; AUTO_CARRY_CHAINS                  ; ON                   ; AUTO_CARRY                         ;
; IGNORE_CARRY_BUFFERS               ; OFF                  ; IGNORE_CARRY                       ;
; AUTO_CASCADE_CHAINS                ; ON                   ; AUTO_CASCADE                       ;
; IGNORE_CASCADE_BUFFERS             ; OFF                  ; IGNORE_CASCADE                     ;
; WIDTH_BYTEENA                      ; 1                    ; Untyped                            ;
; OPERATION_MODE                     ; ROM                  ; Untyped                            ;
; WIDTH_A                            ; 14                   ; Signed Integer                     ;
; WIDTHAD_A                          ; 12                   ; Signed Integer                     ;
; NUMWORDS_A                         ; 4096                 ; Signed Integer                     ;
; OUTDATA_REG_A                      ; CLOCK0               ; Untyped                            ;
; ADDRESS_ACLR_A                     ; NONE                 ; Untyped                            ;
; OUTDATA_ACLR_A                     ; NONE                 ; Untyped                            ;
; WRCONTROL_ACLR_A                   ; NONE                 ; Untyped                            ;
; INDATA_ACLR_A                      ; NONE                 ; Untyped                            ;
; BYTEENA_ACLR_A                     ; NONE                 ; Untyped                            ;
; WIDTH_B                            ; 1                    ; Untyped                            ;
; WIDTHAD_B                          ; 1                    ; Untyped                            ;
; NUMWORDS_B                         ; 1                    ; Untyped                            ;
; INDATA_REG_B                       ; CLOCK1               ; Untyped                            ;
; WRCONTROL_WRADDRESS_REG_B          ; CLOCK1               ; Untyped                            ;
; RDCONTROL_REG_B                    ; CLOCK1               ; Untyped                            ;
; ADDRESS_REG_B                      ; CLOCK1               ; Untyped                            ;
; OUTDATA_REG_B                      ; UNREGISTERED         ; Untyped                            ;
; BYTEENA_REG_B                      ; CLOCK1               ; Untyped                            ;
; INDATA_ACLR_B                      ; NONE                 ; Untyped                            ;
; WRCONTROL_ACLR_B                   ; NONE                 ; Untyped                            ;
; ADDRESS_ACLR_B                     ; NONE                 ; Untyped                            ;
; OUTDATA_ACLR_B                     ; NONE                 ; Untyped                            ;
; RDCONTROL_ACLR_B                   ; NONE                 ; Untyped                            ;
; BYTEENA_ACLR_B                     ; NONE                 ; Untyped                            ;
; WIDTH_BYTEENA_A                    ; 1                    ; Signed Integer                     ;
; WIDTH_BYTEENA_B                    ; 1                    ; Untyped                            ;
; RAM_BLOCK_TYPE                     ; AUTO                 ; Untyped                            ;
; BYTE_SIZE                          ; 8                    ; Untyped                            ;
; READ_DURING_WRITE_MODE_MIXED_PORTS ; DONT_CARE            ; Untyped                            ;
; READ_DURING_WRITE_MODE_PORT_A      ; NEW_DATA_NO_NBE_READ ; Untyped                            ;
; READ_DURING_WRITE_MODE_PORT_B      ; NEW_DATA_NO_NBE_READ ; Untyped                            ;
; INIT_FILE                          ; ./montador/out.mif   ; Untyped                            ;
; INIT_FILE_LAYOUT                   ; PORT_A               ; Untyped                            ;
; MAXIMUM_DEPTH                      ; 0                    ; Untyped                            ;
; CLOCK_ENABLE_INPUT_A               ; BYPASS               ; Untyped                            ;
; CLOCK_ENABLE_INPUT_B               ; NORMAL               ; Untyped                            ;
; CLOCK_ENABLE_OUTPUT_A              ; BYPASS               ; Untyped                            ;
; CLOCK_ENABLE_OUTPUT_B              ; NORMAL               ; Untyped                            ;
; CLOCK_ENABLE_CORE_A                ; USE_INPUT_CLKEN      ; Untyped                            ;
; CLOCK_ENABLE_CORE_B                ; USE_INPUT_CLKEN      ; Untyped                            ;
; ENABLE_ECC                         ; FALSE                ; Untyped                            ;
; DEVICE_FAMILY                      ; Cyclone II           ; Untyped                            ;
; CBXI_PARAMETER                     ; altsyncram_cu71      ; Untyped                            ;
+------------------------------------+----------------------+------------------------------------+
Note: In order to hide this table in the UI and the text report file, please set the "Show Parameter Settings Tables in Synthesis Report" option in "Analysis and Synthesis Settings -> More Settings" to "Off".


+----------------------------------------------------------+
; Parameter Settings for User Entity Instance: BUSMUX:inst ;
+----------------+-------+---------------------------------+
; Parameter Name ; Value ; Type                            ;
+----------------+-------+---------------------------------+
; WIDTH          ; 8     ; Untyped                         ;
+----------------+-------+---------------------------------+
Note: In order to hide this table in the UI and the text report file, please set the "Show Parameter Settings Tables in Synthesis Report" option in "Analysis and Synthesis Settings -> More Settings" to "Off".


+-------------------------------------------------------------+
; Parameter Settings for User Entity Instance: port_io:inst13 ;
+----------------+-----------+--------------------------------+
; Parameter Name ; Value     ; Type                           ;
+----------------+-----------+--------------------------------+
; port_addr      ; 000000101 ; Unsigned Binary                ;
; tris_addr      ; 010000101 ; Unsigned Binary                ;
; alt_port_addr  ; 000000101 ; Unsigned Binary                ;
; alt_tris_addr  ; 010000101 ; Unsigned Binary                ;
+----------------+-----------+--------------------------------+
Note: In order to hide this table in the UI and the text report file, please set the "Show Parameter Settings Tables in Synthesis Report" option in "Analysis and Synthesis Settings -> More Settings" to "Off".


+-------------------------------------------------------------+
; Parameter Settings for User Entity Instance: port_io:inst12 ;
+----------------+-----------+--------------------------------+
; Parameter Name ; Value     ; Type                           ;
+----------------+-----------+--------------------------------+
; port_addr      ; 000000110 ; Unsigned Binary                ;
; tris_addr      ; 010000110 ; Unsigned Binary                ;
; alt_port_addr  ; 100000110 ; Unsigned Binary                ;
; alt_tris_addr  ; 110000110 ; Unsigned Binary                ;
+----------------+-----------+--------------------------------+
Note: In order to hide this table in the UI and the text report file, please set the "Show Parameter Settings Tables in Synthesis Report" option in "Analysis and Synthesis Settings -> More Settings" to "Off".


+-----------------------------------------------------------------------------------------------+
; altsyncram Parameter Settings by Entity Instance                                              ;
+-------------------------------------------+---------------------------------------------------+
; Name                                      ; Value                                             ;
+-------------------------------------------+---------------------------------------------------+
; Number of entity instances                ; 1                                                 ;
; Entity Instance                           ; rom_4096x14:inst7|altsyncram:altsyncram_component ;
;     -- OPERATION_MODE                     ; ROM                                               ;
;     -- WIDTH_A                            ; 14                                                ;
;     -- NUMWORDS_A                         ; 4096                                              ;
;     -- OUTDATA_REG_A                      ; CLOCK0                                            ;
;     -- WIDTH_B                            ; 1                                                 ;
;     -- NUMWORDS_B                         ; 1                                                 ;
;     -- ADDRESS_REG_B                      ; CLOCK1                                            ;
;     -- OUTDATA_REG_B                      ; UNREGISTERED                                      ;
;     -- RAM_BLOCK_TYPE                     ; AUTO                                              ;
;     -- READ_DURING_WRITE_MODE_MIXED_PORTS ; DONT_CARE                                         ;
+-------------------------------------------+---------------------------------------------------+


+-------------------------------+
; Analysis & Synthesis Messages ;
+-------------------------------+
Info: *******************************************************************
Info: Running Quartus II Analysis & Synthesis
    Info: Version 9.1 Build 350 03/24/2010 Service Pack 2 SJ Web Edition
    Info: Processing started: Tue Dec 17 23:15:44 2024
Info: Command: quartus_map --read_settings_files=on --write_settings_files=off PIC -c PIC
Info: Found 2 design units, including 1 entities, in source file blocks/controller/controller.vhd
    Info: Found design unit 1: controller-controller
    Info: Found entity 1: controller
Info: Found 2 design units, including 1 entities, in source file blocks/ram_mem/ram_mem.vhd
    Info: Found design unit 1: ram_mem-ram_mem
    Info: Found entity 1: ram_mem
Info: Found 2 design units, including 1 entities, in source file blocks/port_io/port_io.vhd
    Info: Found design unit 1: port_io-port_io
    Info: Found entity 1: port_io
Info: Found 2 design units, including 1 entities, in source file blocks/w_reg/w_reg.vhd
    Info: Found design unit 1: w_reg-w_reg
    Info: Found entity 1: w_reg
Info: Found 2 design units, including 1 entities, in source file blocks/ula/ula.vhd
    Info: Found design unit 1: ula-ula
    Info: Found entity 1: ula
Info: Found 2 design units, including 1 entities, in source file blocks/status_reg/status_reg.vhd
    Info: Found design unit 1: status_reg-status_reg
    Info: Found entity 1: status_reg
Info: Found 2 design units, including 1 entities, in source file blocks/stack/stack.vhd
    Info: Found design unit 1: stack-stack
    Info: Found entity 1: stack
Info: Found 2 design units, including 1 entities, in source file blocks/pc_reg/pc_reg.vhd
    Info: Found design unit 1: pc_reg-pc_reg
    Info: Found entity 1: pc_reg
Info: Found 2 design units, including 1 entities, in source file blocks/fsr_reg/fsr_reg.vhd
    Info: Found design unit 1: fsr_reg-fsr_reg
    Info: Found entity 1: fsr_reg
Info: Found 2 design units, including 1 entities, in source file blocks/addr_mux/addr_max.vhd
    Info: Found design unit 1: addr_max-addr_max
    Info: Found entity 1: addr_max
Info: Found 1 design units, including 1 entities, in source file pic.bdf
    Info: Found entity 1: PIC
Info: Found 2 design units, including 1 entities, in source file rom_4096x14.vhd
    Info: Found design unit 1: rom_4096x14-SYN
    Info: Found entity 1: rom_4096x14
Info: Elaborating entity "PIC" for the top level hierarchy
Info: Elaborating entity "controller" for hierarchy "controller:inst3"
Info: Elaborating entity "ula" for hierarchy "ula:inst2"
Info: Elaborating entity "status_reg" for hierarchy "status_reg:inst4"
Info: Elaborating entity "addr_max" for hierarchy "addr_max:inst5"
Info: Elaborating entity "rom_4096x14" for hierarchy "rom_4096x14:inst7"
Info: Elaborating entity "altsyncram" for hierarchy "rom_4096x14:inst7|altsyncram:altsyncram_component"
Info: Elaborated megafunction instantiation "rom_4096x14:inst7|altsyncram:altsyncram_component"
Info: Instantiated megafunction "rom_4096x14:inst7|altsyncram:altsyncram_component" with the following parameter:
    Info: Parameter "clock_enable_input_a" = "BYPASS"
    Info: Parameter "clock_enable_output_a" = "BYPASS"
    Info: Parameter "init_file" = "./montador/out.mif"
    Info: Parameter "intended_device_family" = "Cyclone II"
    Info: Parameter "lpm_hint" = "ENABLE_RUNTIME_MOD=NO"
    Info: Parameter "lpm_type" = "altsyncram"
    Info: Parameter "numwords_a" = "4096"
    Info: Parameter "operation_mode" = "ROM"
    Info: Parameter "outdata_aclr_a" = "NONE"
    Info: Parameter "outdata_reg_a" = "CLOCK0"
    Info: Parameter "widthad_a" = "12"
    Info: Parameter "width_a" = "14"
    Info: Parameter "width_byteena_a" = "1"
Info: Found 1 design units, including 1 entities, in source file db/altsyncram_cu71.tdf
    Info: Found entity 1: altsyncram_cu71
Info: Elaborating entity "altsyncram_cu71" for hierarchy "rom_4096x14:inst7|altsyncram:altsyncram_component|altsyncram_cu71:auto_generated"
Info: Elaborating entity "pc_reg" for hierarchy "pc_reg:inst10"
Info: Elaborating entity "fsr_reg" for hierarchy "fsr_reg:inst6"
Info: Elaborating entity "BUSMUX" for hierarchy "BUSMUX:inst"
Info: Elaborated megafunction instantiation "BUSMUX:inst"
Info: Instantiated megafunction "BUSMUX:inst" with the following parameter:
    Info: Parameter "WIDTH" = "8"
Info: Elaborating entity "lpm_mux" for hierarchy "BUSMUX:inst|lpm_mux:$00000"
Info: Elaborated megafunction instantiation "BUSMUX:inst|lpm_mux:$00000", which is child of megafunction instantiation "BUSMUX:inst"
Info: Found 1 design units, including 1 entities, in source file db/mux_smc.tdf
    Info: Found entity 1: mux_smc
Info: Elaborating entity "mux_smc" for hierarchy "BUSMUX:inst|lpm_mux:$00000|mux_smc:auto_generated"
Info: Elaborating entity "ram_mem" for hierarchy "ram_mem:inst14"
Warning (10631): VHDL Process Statement warning at ram_mem.vhd(76): inferring latch(es) for signal or variable "dbus_out", which holds its previous value in one or more paths through the process
Info (10041): Inferred latch for "dbus_out[0]" at ram_mem.vhd(76)
Info (10041): Inferred latch for "dbus_out[1]" at ram_mem.vhd(76)
Info (10041): Inferred latch for "dbus_out[2]" at ram_mem.vhd(76)
Info (10041): Inferred latch for "dbus_out[3]" at ram_mem.vhd(76)
Info (10041): Inferred latch for "dbus_out[4]" at ram_mem.vhd(76)
Info (10041): Inferred latch for "dbus_out[5]" at ram_mem.vhd(76)
Info (10041): Inferred latch for "dbus_out[6]" at ram_mem.vhd(76)
Info (10041): Inferred latch for "dbus_out[7]" at ram_mem.vhd(76)
Info: Elaborating entity "port_io" for hierarchy "port_io:inst13"
Info (10041): Inferred latch for "latch[0]" at port_io.vhd(67)
Info (10041): Inferred latch for "latch[1]" at port_io.vhd(67)
Info (10041): Inferred latch for "latch[2]" at port_io.vhd(67)
Info (10041): Inferred latch for "latch[3]" at port_io.vhd(67)
Info (10041): Inferred latch for "latch[4]" at port_io.vhd(67)
Info (10041): Inferred latch for "latch[5]" at port_io.vhd(67)
Info (10041): Inferred latch for "latch[6]" at port_io.vhd(67)
Info (10041): Inferred latch for "latch[7]" at port_io.vhd(67)
Info: Elaborating entity "port_io" for hierarchy "port_io:inst12"
Info (10041): Inferred latch for "latch[0]" at port_io.vhd(67)
Info (10041): Inferred latch for "latch[1]" at port_io.vhd(67)
Info (10041): Inferred latch for "latch[2]" at port_io.vhd(67)
Info (10041): Inferred latch for "latch[3]" at port_io.vhd(67)
Info (10041): Inferred latch for "latch[4]" at port_io.vhd(67)
Info (10041): Inferred latch for "latch[5]" at port_io.vhd(67)
Info (10041): Inferred latch for "latch[6]" at port_io.vhd(67)
Info (10041): Inferred latch for "latch[7]" at port_io.vhd(67)
Info: Elaborating entity "w_reg" for hierarchy "w_reg:inst1"
Warning: Tri-state node(s) do not directly drive top-level pin(s)
    Warning: Converted the fan-out from the tri-state buffer "status_reg:inst4|dbus_out[2]" to the node "busmux:inst|lpm_mux:$00000|mux_smc:auto_generated|result_node[2]" into an OR gate
    Warning: Converted the fan-out from the tri-state buffer "status_reg:inst4|dbus_out[6]" to the node "busmux:inst|lpm_mux:$00000|mux_smc:auto_generated|result_node[6]" into an OR gate
    Warning: Converted the fan-out from the tri-state buffer "status_reg:inst4|dbus_out[5]" to the node "busmux:inst|lpm_mux:$00000|mux_smc:auto_generated|result_node[5]" into an OR gate
    Warning: Converted the fan-out from the tri-state buffer "status_reg:inst4|dbus_out[4]" to the node "busmux:inst|lpm_mux:$00000|mux_smc:auto_generated|result_node[4]" into an OR gate
    Warning: Converted the fan-out from the tri-state buffer "status_reg:inst4|dbus_out[3]" to the node "busmux:inst|lpm_mux:$00000|mux_smc:auto_generated|result_node[3]" into an OR gate
    Warning: Converted the fan-out from the tri-state buffer "status_reg:inst4|dbus_out[1]" to the node "busmux:inst|lpm_mux:$00000|mux_smc:auto_generated|result_node[1]" into an OR gate
    Warning: Converted the fan-out from the tri-state buffer "status_reg:inst4|dbus_out[0]" to the node "busmux:inst|lpm_mux:$00000|mux_smc:auto_generated|result_node[0]" into an OR gate
    Warning: Converted the fan-out from the tri-state buffer "status_reg:inst4|dbus_out[7]" to the node "busmux:inst|lpm_mux:$00000|mux_smc:auto_generated|result_node[7]" into an OR gate
Warning: Latch ram_mem:inst14|dbus_out[2]$latch has unsafe behavior
    Warning: Ports D and ENA on the latch are fed by the same signal rom_4096x14:inst7|altsyncram:altsyncram_component|altsyncram_cu71:auto_generated|q_a[1]
Warning: Latch ram_mem:inst14|dbus_out[6]$latch has unsafe behavior
    Warning: Ports D and ENA on the latch are fed by the same signal rom_4096x14:inst7|altsyncram:altsyncram_component|altsyncram_cu71:auto_generated|q_a[1]
Warning: Latch ram_mem:inst14|dbus_out[5]$latch has unsafe behavior
    Warning: Ports D and ENA on the latch are fed by the same signal rom_4096x14:inst7|altsyncram:altsyncram_component|altsyncram_cu71:auto_generated|q_a[3]
Warning: Latch ram_mem:inst14|dbus_out[4]$latch has unsafe behavior
    Warning: Ports D and ENA on the latch are fed by the same signal rom_4096x14:inst7|altsyncram:altsyncram_component|altsyncram_cu71:auto_generated|q_a[1]
Warning: Latch ram_mem:inst14|dbus_out[3]$latch has unsafe behavior
    Warning: Ports D and ENA on the latch are fed by the same signal rom_4096x14:inst7|altsyncram:altsyncram_component|altsyncram_cu71:auto_generated|q_a[1]
Warning: Latch ram_mem:inst14|dbus_out[1]$latch has unsafe behavior
    Warning: Ports D and ENA on the latch are fed by the same signal rom_4096x14:inst7|altsyncram:altsyncram_component|altsyncram_cu71:auto_generated|q_a[1]
Warning: Latch ram_mem:inst14|dbus_out[0]$latch has unsafe behavior
    Warning: Ports D and ENA on the latch are fed by the same signal rom_4096x14:inst7|altsyncram:altsyncram_component|altsyncram_cu71:auto_generated|q_a[1]
Warning: Latch ram_mem:inst14|dbus_out[7]$latch has unsafe behavior
    Warning: Ports D and ENA on the latch are fed by the same signal rom_4096x14:inst7|altsyncram:altsyncram_component|altsyncram_cu71:auto_generated|q_a[1]
Info: Registers with preset signals will power-up high
Info: DEV_CLRn pin will set, and not reset, register with preset signal due to NOT Gate Push-Back
Info: Implemented 4446 device resources after synthesis - the final resource count might be different
    Info: Implemented 2 input pins
    Info: Implemented 84 output pins
    Info: Implemented 16 bidirectional pins
    Info: Implemented 4330 logic cells
    Info: Implemented 14 RAM segments
Info: Quartus II Analysis & Synthesis was successful. 0 errors, 26 warnings
    Info: Peak virtual memory: 196 megabytes
    Info: Processing ended: Tue Dec 17 23:15:59 2024
    Info: Elapsed time: 00:00:15
    Info: Total CPU time (on all processors): 00:00:14


