Classic Timing Analyzer report for fsr_reg
Fri Nov 08 01:03:33 2024
Quartus II Version 9.1 Build 350 03/24/2010 Service Pack 2 SJ Web Edition


---------------------
; Table of Contents ;
---------------------
  1. Legal Notice
  2. Timing Analyzer Summary
  3. Timing Analyzer Settings
  4. Parallel Compilation
  5. tpd
  6. Timing Analyzer Messages



----------------
; Legal Notice ;
----------------
Copyright (C) 1991-2010 Altera Corporation
Your use of Altera Corporation's design tools, logic functions 
and other software and tools, and its AMPP partner logic 
functions, and any output files from any of the foregoing 
(including device programming or simulation files), and any 
associated documentation or information are expressly subject 
to the terms and conditions of the Altera Program License 
Subscription Agreement, Altera MegaCore Function License 
Agreement, or other applicable license agreement, including, 
without limitation, that your use is for the sole purpose of 
programming logic devices manufactured by Altera and sold by 
Altera or its authorized distributors.  Please refer to the 
applicable agreement for further details.



+---------------------------------------------------------------------------------------------------------------------------------+
; Timing Analyzer Summary                                                                                                         ;
+------------------------------+-------+---------------+-------------+-------+-------------+------------+----------+--------------+
; Type                         ; Slack ; Required Time ; Actual Time ; From  ; To          ; From Clock ; To Clock ; Failed Paths ;
+------------------------------+-------+---------------+-------------+-------+-------------+------------+----------+--------------+
; Worst-case tpd               ; N/A   ; None          ; 9.119 ns    ; rd_en ; dbus_out[7] ; --         ; --       ; 0            ;
; Total number of failed paths ;       ;               ;             ;       ;             ;            ;          ; 0            ;
+------------------------------+-------+---------------+-------------+-------+-------------+------------+----------+--------------+


+-----------------------------------------------------------------------------------------------------------------------------------------------------+
; Timing Analyzer Settings                                                                                                                            ;
+------------------------------------------------------------------------------------------------------+--------------------+------+----+-------------+
; Option                                                                                               ; Setting            ; From ; To ; Entity Name ;
+------------------------------------------------------------------------------------------------------+--------------------+------+----+-------------+
; Device Name                                                                                          ; EP2C5T144C6        ;      ;    ;             ;
; Timing Models                                                                                        ; Final              ;      ;    ;             ;
; Default hold multicycle                                                                              ; Same as Multicycle ;      ;    ;             ;
; Cut paths between unrelated clock domains                                                            ; On                 ;      ;    ;             ;
; Cut off read during write signal paths                                                               ; On                 ;      ;    ;             ;
; Cut off feedback from I/O pins                                                                       ; On                 ;      ;    ;             ;
; Report Combined Fast/Slow Timing                                                                     ; Off                ;      ;    ;             ;
; Ignore Clock Settings                                                                                ; Off                ;      ;    ;             ;
; Analyze latches as synchronous elements                                                              ; On                 ;      ;    ;             ;
; Enable Recovery/Removal analysis                                                                     ; Off                ;      ;    ;             ;
; Enable Clock Latency                                                                                 ; Off                ;      ;    ;             ;
; Use TimeQuest Timing Analyzer                                                                        ; Off                ;      ;    ;             ;
; Minimum Core Junction Temperature                                                                    ; 0                  ;      ;    ;             ;
; Maximum Core Junction Temperature                                                                    ; 85                 ;      ;    ;             ;
; Number of source nodes to report per destination node                                                ; 10                 ;      ;    ;             ;
; Number of destination nodes to report                                                                ; 10                 ;      ;    ;             ;
; Number of paths to report                                                                            ; 200                ;      ;    ;             ;
; Report Minimum Timing Checks                                                                         ; Off                ;      ;    ;             ;
; Use Fast Timing Models                                                                               ; Off                ;      ;    ;             ;
; Report IO Paths Separately                                                                           ; Off                ;      ;    ;             ;
; Perform Multicorner Analysis                                                                         ; On                 ;      ;    ;             ;
; Reports the worst-case path for each clock domain and analysis                                       ; Off                ;      ;    ;             ;
; Reports worst-case timing paths for each clock domain and analysis                                   ; On                 ;      ;    ;             ;
; Specifies the maximum number of worst-case timing paths to report for each clock domain and analysis ; 100                ;      ;    ;             ;
; Removes common clock path pessimism (CCPP) during slack computation                                  ; Off                ;      ;    ;             ;
; Output I/O Timing Endpoint                                                                           ; Near End           ;      ;    ;             ;
+------------------------------------------------------------------------------------------------------+--------------------+------+----+-------------+


Parallel compilation was disabled, but you have multiple processors available. Enable parallel compilation to reduce compilation time.
+-------------------------------------+
; Parallel Compilation                ;
+----------------------------+--------+
; Processors                 ; Number ;
+----------------------------+--------+
; Number detected on machine ; 4      ;
; Maximum allowed            ; 1      ;
+----------------------------+--------+


+------------------------------------------------------------------------+
; tpd                                                                    ;
+-------+-------------------+-----------------+------------+-------------+
; Slack ; Required P2P Time ; Actual P2P Time ; From       ; To          ;
+-------+-------------------+-----------------+------------+-------------+
; N/A   ; None              ; 9.119 ns        ; rd_en      ; dbus_out[7] ;
; N/A   ; None              ; 9.039 ns        ; rd_en      ; dbus_out[5] ;
; N/A   ; None              ; 9.029 ns        ; rd_en      ; dbus_out[1] ;
; N/A   ; None              ; 8.936 ns        ; dbus_in[5] ; fsr_out[5]  ;
; N/A   ; None              ; 8.927 ns        ; dbus_in[4] ; fsr_out[4]  ;
; N/A   ; None              ; 8.920 ns        ; dbus_in[7] ; fsr_out[7]  ;
; N/A   ; None              ; 8.875 ns        ; dbus_in[2] ; fsr_out[2]  ;
; N/A   ; None              ; 8.862 ns        ; rd_en      ; dbus_out[2] ;
; N/A   ; None              ; 8.856 ns        ; rd_en      ; dbus_out[6] ;
; N/A   ; None              ; 8.817 ns        ; rd_en      ; dbus_out[3] ;
; N/A   ; None              ; 8.800 ns        ; dbus_in[1] ; fsr_out[1]  ;
; N/A   ; None              ; 8.798 ns        ; dbus_in[6] ; fsr_out[6]  ;
; N/A   ; None              ; 8.596 ns        ; rd_en      ; dbus_out[0] ;
; N/A   ; None              ; 8.303 ns        ; dbus_in[3] ; fsr_out[3]  ;
; N/A   ; None              ; 8.012 ns        ; rd_en      ; dbus_out[4] ;
; N/A   ; None              ; 7.936 ns        ; dbus_in[0] ; fsr_out[0]  ;
+-------+-------------------+-----------------+------------+-------------+


+--------------------------+
; Timing Analyzer Messages ;
+--------------------------+
Info: *******************************************************************
Info: Running Quartus II Classic Timing Analyzer
    Info: Version 9.1 Build 350 03/24/2010 Service Pack 2 SJ Web Edition
    Info: Processing started: Fri Nov 08 01:03:33 2024
Info: Command: quartus_tan --read_settings_files=off --write_settings_files=off fsr_reg -c fsr_reg --timing_analysis_only
Info: Longest tpd from source pin "rd_en" to destination pin "dbus_out[7]" is 9.119 ns
    Info: 1: + IC(0.000 ns) + CELL(0.862 ns) = 0.862 ns; Loc. = PIN_26; Fanout = 8; PIN Node = 'rd_en'
    Info: 2: + IC(5.449 ns) + CELL(2.808 ns) = 9.119 ns; Loc. = PIN_43; Fanout = 0; PIN Node = 'dbus_out[7]'
    Info: Total cell delay = 3.670 ns ( 40.25 % )
    Info: Total interconnect delay = 5.449 ns ( 59.75 % )
Info: Quartus II Classic Timing Analyzer was successful. 0 errors, 0 warnings
    Info: Peak virtual memory: 94 megabytes
    Info: Processing ended: Fri Nov 08 01:03:33 2024
    Info: Elapsed time: 00:00:00
    Info: Total CPU time (on all processors): 00:00:00


