Flow report for fsr_reg
Sat Nov 09 15:15:22 2024
Quartus II Version 9.1 Build 350 03/24/2010 Service Pack 2 SJ Web Edition


---------------------
; Table of Contents ;
---------------------
  1. Legal Notice
  2. Flow Summary
  3. Flow Settings
  4. Flow Non-Default Global Settings
  5. Flow Elapsed Time
  6. Flow OS Summary
  7. Flow Log



----------------
; Legal Notice ;
----------------
Copyright (C) 1991-2010 Altera Corporation
Your use of Altera Corporation's design tools, logic functions 
and other software and tools, and its AMPP partner logic 
functions, and any output files from any of the foregoing 
(including device programming or simulation files), and any 
associated documentation or information are expressly subject 
to the terms and conditions of the Altera Program License 
Subscription Agreement, Altera MegaCore Function License 
Agreement, or other applicable license agreement, including, 
without limitation, that your use is for the sole purpose of 
programming logic devices manufactured by Altera and sold by 
Altera or its authorized distributors.  Please refer to the 
applicable agreement for further details.



+-----------------------------------------------------------------------------------+
; Flow Summary                                                                      ;
+------------------------------------+----------------------------------------------+
; Flow Status                        ; Successful - Sat Nov 09 15:15:22 2024        ;
; Quartus II Version                 ; 9.1 Build 350 03/24/2010 SP 2 SJ Web Edition ;
; Revision Name                      ; fsr_reg                                      ;
; Top-level Entity Name              ; fsr_reg                                      ;
; Family                             ; Cyclone II                                   ;
; Met timing requirements            ; Yes                                          ;
; Total logic elements               ; 11 / 4,608 ( < 1 % )                         ;
;     Total combinational functions  ; 3 / 4,608 ( < 1 % )                          ;
;     Dedicated logic registers      ; 8 / 4,608 ( < 1 % )                          ;
; Total registers                    ; 8                                            ;
; Total pins                         ; 37 / 89 ( 42 % )                             ;
; Total virtual pins                 ; 0                                            ;
; Total memory bits                  ; 0 / 119,808 ( 0 % )                          ;
; Embedded Multiplier 9-bit elements ; 0 / 26 ( 0 % )                               ;
; Total PLLs                         ; 0 / 2 ( 0 % )                                ;
; Device                             ; EP2C5T144C6                                  ;
; Timing Models                      ; Final                                        ;
+------------------------------------+----------------------------------------------+


+-----------------------------------------+
; Flow Settings                           ;
+-------------------+---------------------+
; Option            ; Setting             ;
+-------------------+---------------------+
; Start date & time ; 11/09/2024 15:15:08 ;
; Main task         ; Compilation         ;
; Revision Name     ; fsr_reg             ;
+-------------------+---------------------+


+-------------------------------------------------------------------------------------------------------+
; Flow Non-Default Global Settings                                                                      ;
+------------------------------------+-------------------+---------------+-------------+----------------+
; Assignment Name                    ; Value             ; Default Value ; Entity Name ; Section Id     ;
+------------------------------------+-------------------+---------------+-------------+----------------+
; COMPILER_SIGNATURE_ID              ; 0.173117610700932 ; --            ; --          ; --             ;
; MAX_CORE_JUNCTION_TEMP             ; 85                ; --            ; --          ; --             ;
; MIN_CORE_JUNCTION_TEMP             ; 0                 ; --            ; --          ; --             ;
; PARTITION_COLOR                    ; 16764057          ; --            ; --          ; Top            ;
; PARTITION_NETLIST_TYPE             ; SOURCE            ; --            ; --          ; Top            ;
; USE_GENERATED_PHYSICAL_CONSTRAINTS ; Off               ; --            ; --          ; eda_blast_fpga ;
+------------------------------------+-------------------+---------------+-------------+----------------+


+-----------------------------------------------------------------------------------------------------------------------------+
; Flow Elapsed Time                                                                                                           ;
+-------------------------+--------------+-------------------------+---------------------+------------------------------------+
; Module Name             ; Elapsed Time ; Average Processors Used ; Peak Virtual Memory ; Total CPU Time (on all processors) ;
+-------------------------+--------------+-------------------------+---------------------+------------------------------------+
; Analysis & Synthesis    ; 00:00:02     ; 1.0                     ; 173 MB              ; 00:00:01                           ;
; Fitter                  ; 00:00:08     ; 1.0                     ; 189 MB              ; 00:00:07                           ;
; Assembler               ; 00:00:01     ; 1.0                     ; 101 MB              ; 00:00:01                           ;
; Classic Timing Analyzer ; 00:00:00     ; 1.0                     ; 88 MB               ; 00:00:00                           ;
; Total                   ; 00:00:11     ; --                      ; --                  ; 00:00:09                           ;
+-------------------------+--------------+-------------------------+---------------------+------------------------------------+


+------------------------------------------------------------------------------------------+
; Flow OS Summary                                                                          ;
+-------------------------+------------------+---------------+------------+----------------+
; Module Name             ; Machine Hostname ; OS Name       ; OS Version ; Processor type ;
+-------------------------+------------------+---------------+------------+----------------+
; Analysis & Synthesis    ; macbook-de-bruno ; Windows Vista ; 6.2        ; x86_64         ;
; Fitter                  ; macbook-de-bruno ; Windows Vista ; 6.2        ; x86_64         ;
; Assembler               ; macbook-de-bruno ; Windows Vista ; 6.2        ; x86_64         ;
; Classic Timing Analyzer ; macbook-de-bruno ; Windows Vista ; 6.2        ; x86_64         ;
+-------------------------+------------------+---------------+------------+----------------+


------------
; Flow Log ;
------------
quartus_map --read_settings_files=on --write_settings_files=off fsr_reg -c fsr_reg
quartus_fit --read_settings_files=off --write_settings_files=off fsr_reg -c fsr_reg
quartus_asm --read_settings_files=off --write_settings_files=off fsr_reg -c fsr_reg
quartus_tan --read_settings_files=off --write_settings_files=off fsr_reg -c fsr_reg --timing_analysis_only



