Classic Timing Analyzer report for ULA
Thu Dec 12 22:10:59 2024
Quartus II Version 9.1 Build 350 03/24/2010 Service Pack 2 SJ Web Edition


---------------------
; Table of Contents ;
---------------------
  1. Legal Notice
  2. Timing Analyzer Summary
  3. Timing Analyzer Settings
  4. Parallel Compilation
  5. tpd
  6. Timing Analyzer Messages



----------------
; Legal Notice ;
----------------
Copyright (C) 1991-2010 Altera Corporation
Your use of Altera Corporation's design tools, logic functions 
and other software and tools, and its AMPP partner logic 
functions, and any output files from any of the foregoing 
(including device programming or simulation files), and any 
associated documentation or information are expressly subject 
to the terms and conditions of the Altera Program License 
Subscription Agreement, Altera MegaCore Function License 
Agreement, or other applicable license agreement, including, 
without limitation, that your use is for the sole purpose of 
programming logic devices manufactured by Altera and sold by 
Altera or its authorized distributors.  Please refer to the 
applicable agreement for further details.



+-------------------------------------------------------------------------------------------------------------------------------+
; Timing Analyzer Summary                                                                                                       ;
+------------------------------+-------+---------------+-------------+-----------+-------+------------+----------+--------------+
; Type                         ; Slack ; Required Time ; Actual Time ; From      ; To    ; From Clock ; To Clock ; Failed Paths ;
+------------------------------+-------+---------------+-------------+-----------+-------+------------+----------+--------------+
; Worst-case tpd               ; N/A   ; None          ; 16.364 ns   ; op_sel[0] ; z_out ; --         ; --       ; 0            ;
; Total number of failed paths ;       ;               ;             ;           ;       ;            ;          ; 0            ;
+------------------------------+-------+---------------+-------------+-----------+-------+------------+----------+--------------+


+-----------------------------------------------------------------------------------------------------------------------------------------------------+
; Timing Analyzer Settings                                                                                                                            ;
+------------------------------------------------------------------------------------------------------+--------------------+------+----+-------------+
; Option                                                                                               ; Setting            ; From ; To ; Entity Name ;
+------------------------------------------------------------------------------------------------------+--------------------+------+----+-------------+
; Device Name                                                                                          ; EP2C35F672C6       ;      ;    ;             ;
; Timing Models                                                                                        ; Final              ;      ;    ;             ;
; Default hold multicycle                                                                              ; Same as Multicycle ;      ;    ;             ;
; Cut paths between unrelated clock domains                                                            ; On                 ;      ;    ;             ;
; Cut off read during write signal paths                                                               ; On                 ;      ;    ;             ;
; Cut off feedback from I/O pins                                                                       ; On                 ;      ;    ;             ;
; Report Combined Fast/Slow Timing                                                                     ; Off                ;      ;    ;             ;
; Ignore Clock Settings                                                                                ; Off                ;      ;    ;             ;
; Analyze latches as synchronous elements                                                              ; On                 ;      ;    ;             ;
; Enable Recovery/Removal analysis                                                                     ; Off                ;      ;    ;             ;
; Enable Clock Latency                                                                                 ; Off                ;      ;    ;             ;
; Use TimeQuest Timing Analyzer                                                                        ; Off                ;      ;    ;             ;
; Minimum Core Junction Temperature                                                                    ; 0                  ;      ;    ;             ;
; Maximum Core Junction Temperature                                                                    ; 85                 ;      ;    ;             ;
; Number of source nodes to report per destination node                                                ; 10                 ;      ;    ;             ;
; Number of destination nodes to report                                                                ; 10                 ;      ;    ;             ;
; Number of paths to report                                                                            ; 200                ;      ;    ;             ;
; Report Minimum Timing Checks                                                                         ; Off                ;      ;    ;             ;
; Use Fast Timing Models                                                                               ; Off                ;      ;    ;             ;
; Report IO Paths Separately                                                                           ; Off                ;      ;    ;             ;
; Perform Multicorner Analysis                                                                         ; On                 ;      ;    ;             ;
; Reports the worst-case path for each clock domain and analysis                                       ; Off                ;      ;    ;             ;
; Reports worst-case timing paths for each clock domain and analysis                                   ; On                 ;      ;    ;             ;
; Specifies the maximum number of worst-case timing paths to report for each clock domain and analysis ; 100                ;      ;    ;             ;
; Removes common clock path pessimism (CCPP) during slack computation                                  ; Off                ;      ;    ;             ;
; Output I/O Timing Endpoint                                                                           ; Near End           ;      ;    ;             ;
+------------------------------------------------------------------------------------------------------+--------------------+------+----+-------------+


Parallel compilation was disabled, but you have multiple processors available. Enable parallel compilation to reduce compilation time.
+-------------------------------------+
; Parallel Compilation                ;
+----------------------------+--------+
; Processors                 ; Number ;
+----------------------------+--------+
; Number detected on machine ; 16     ;
; Maximum allowed            ; 1      ;
+----------------------------+--------+


+---------------------------------------------------------------------+
; tpd                                                                 ;
+-------+-------------------+-----------------+------------+----------+
; Slack ; Required P2P Time ; Actual P2P Time ; From       ; To       ;
+-------+-------------------+-----------------+------------+----------+
; N/A   ; None              ; 16.364 ns       ; op_sel[0]  ; z_out    ;
; N/A   ; None              ; 16.089 ns       ; b_in[0]    ; z_out    ;
; N/A   ; None              ; 16.030 ns       ; op_sel[1]  ; z_out    ;
; N/A   ; None              ; 15.555 ns       ; op_sel[0]  ; c_out    ;
; N/A   ; None              ; 15.536 ns       ; b_in[2]    ; z_out    ;
; N/A   ; None              ; 15.513 ns       ; b_in[1]    ; z_out    ;
; N/A   ; None              ; 15.408 ns       ; bit_sel[1] ; z_out    ;
; N/A   ; None              ; 15.280 ns       ; b_in[0]    ; c_out    ;
; N/A   ; None              ; 15.254 ns       ; op_sel[3]  ; z_out    ;
; N/A   ; None              ; 15.221 ns       ; op_sel[1]  ; c_out    ;
; N/A   ; None              ; 15.216 ns       ; a_in[0]    ; z_out    ;
; N/A   ; None              ; 15.189 ns       ; op_sel[0]  ; r_out[6] ;
; N/A   ; None              ; 15.158 ns       ; bit_sel[2] ; z_out    ;
; N/A   ; None              ; 15.147 ns       ; bit_sel[0] ; z_out    ;
; N/A   ; None              ; 15.136 ns       ; op_sel[0]  ; r_out[5] ;
; N/A   ; None              ; 14.940 ns       ; b_in[3]    ; z_out    ;
; N/A   ; None              ; 14.937 ns       ; b_in[4]    ; z_out    ;
; N/A   ; None              ; 14.914 ns       ; b_in[0]    ; r_out[6] ;
; N/A   ; None              ; 14.887 ns       ; op_sel[0]  ; r_out[7] ;
; N/A   ; None              ; 14.880 ns       ; b_in[6]    ; z_out    ;
; N/A   ; None              ; 14.861 ns       ; b_in[0]    ; r_out[5] ;
; N/A   ; None              ; 14.855 ns       ; op_sel[1]  ; r_out[6] ;
; N/A   ; None              ; 14.842 ns       ; a_in[6]    ; z_out    ;
; N/A   ; None              ; 14.817 ns       ; b_in[5]    ; z_out    ;
; N/A   ; None              ; 14.802 ns       ; op_sel[1]  ; r_out[5] ;
; N/A   ; None              ; 14.767 ns       ; op_sel[0]  ; r_out[1] ;
; N/A   ; None              ; 14.727 ns       ; b_in[2]    ; c_out    ;
; N/A   ; None              ; 14.704 ns       ; b_in[1]    ; c_out    ;
; N/A   ; None              ; 14.650 ns       ; op_sel[0]  ; r_out[3] ;
; N/A   ; None              ; 14.642 ns       ; a_in[2]    ; z_out    ;
; N/A   ; None              ; 14.629 ns       ; op_sel[0]  ; r_out[2] ;
; N/A   ; None              ; 14.612 ns       ; b_in[0]    ; r_out[7] ;
; N/A   ; None              ; 14.587 ns       ; b_in[0]    ; r_out[0] ;
; N/A   ; None              ; 14.553 ns       ; op_sel[1]  ; r_out[7] ;
; N/A   ; None              ; 14.492 ns       ; b_in[0]    ; r_out[1] ;
; N/A   ; None              ; 14.476 ns       ; op_sel[0]  ; r_out[4] ;
; N/A   ; None              ; 14.445 ns       ; op_sel[3]  ; c_out    ;
; N/A   ; None              ; 14.433 ns       ; op_sel[1]  ; r_out[1] ;
; N/A   ; None              ; 14.375 ns       ; b_in[0]    ; r_out[3] ;
; N/A   ; None              ; 14.361 ns       ; b_in[2]    ; r_out[6] ;
; N/A   ; None              ; 14.354 ns       ; b_in[0]    ; r_out[2] ;
; N/A   ; None              ; 14.338 ns       ; b_in[1]    ; r_out[6] ;
; N/A   ; None              ; 14.316 ns       ; op_sel[1]  ; r_out[3] ;
; N/A   ; None              ; 14.308 ns       ; b_in[2]    ; r_out[5] ;
; N/A   ; None              ; 14.297 ns       ; a_in[0]    ; r_out[0] ;
; N/A   ; None              ; 14.295 ns       ; op_sel[1]  ; r_out[2] ;
; N/A   ; None              ; 14.285 ns       ; b_in[1]    ; r_out[5] ;
; N/A   ; None              ; 14.283 ns       ; op_sel[0]  ; r_out[0] ;
; N/A   ; None              ; 14.256 ns       ; op_sel[3]  ; r_out[0] ;
; N/A   ; None              ; 14.236 ns       ; bit_sel[1] ; r_out[6] ;
; N/A   ; None              ; 14.208 ns       ; b_in[6]    ; c_out    ;
; N/A   ; None              ; 14.201 ns       ; b_in[0]    ; r_out[4] ;
; N/A   ; None              ; 14.186 ns       ; a_in[5]    ; z_out    ;
; N/A   ; None              ; 14.142 ns       ; op_sel[1]  ; r_out[4] ;
; N/A   ; None              ; 14.131 ns       ; b_in[3]    ; c_out    ;
; N/A   ; None              ; 14.128 ns       ; b_in[4]    ; c_out    ;
; N/A   ; None              ; 14.109 ns       ; a_in[7]    ; z_out    ;
; N/A   ; None              ; 14.079 ns       ; op_sel[3]  ; r_out[6] ;
; N/A   ; None              ; 14.075 ns       ; a_in[4]    ; z_out    ;
; N/A   ; None              ; 14.059 ns       ; b_in[2]    ; r_out[7] ;
; N/A   ; None              ; 14.036 ns       ; b_in[1]    ; r_out[7] ;
; N/A   ; None              ; 14.026 ns       ; op_sel[3]  ; r_out[5] ;
; N/A   ; None              ; 14.011 ns       ; b_in[5]    ; c_out    ;
; N/A   ; None              ; 14.002 ns       ; bit_sel[1] ; r_out[1] ;
; N/A   ; None              ; 13.989 ns       ; bit_sel[1] ; r_out[5] ;
; N/A   ; None              ; 13.986 ns       ; bit_sel[2] ; r_out[6] ;
; N/A   ; None              ; 13.975 ns       ; bit_sel[0] ; r_out[6] ;
; N/A   ; None              ; 13.910 ns       ; b_in[7]    ; z_out    ;
; N/A   ; None              ; 13.892 ns       ; a_in[3]    ; z_out    ;
; N/A   ; None              ; 13.861 ns       ; bit_sel[1] ; r_out[3] ;
; N/A   ; None              ; 13.850 ns       ; bit_sel[1] ; r_out[0] ;
; N/A   ; None              ; 13.849 ns       ; a_in[6]    ; c_out    ;
; N/A   ; None              ; 13.833 ns       ; a_in[2]    ; c_out    ;
; N/A   ; None              ; 13.822 ns       ; b_in[2]    ; r_out[3] ;
; N/A   ; None              ; 13.799 ns       ; b_in[1]    ; r_out[3] ;
; N/A   ; None              ; 13.785 ns       ; bit_sel[1] ; r_out[7] ;
; N/A   ; None              ; 13.778 ns       ; b_in[1]    ; r_out[2] ;
; N/A   ; None              ; 13.777 ns       ; op_sel[3]  ; r_out[7] ;
; N/A   ; None              ; 13.765 ns       ; b_in[3]    ; r_out[6] ;
; N/A   ; None              ; 13.762 ns       ; b_in[4]    ; r_out[6] ;
; N/A   ; None              ; 13.755 ns       ; bit_sel[1] ; r_out[4] ;
; N/A   ; None              ; 13.751 ns       ; bit_sel[0] ; r_out[1] ;
; N/A   ; None              ; 13.738 ns       ; b_in[1]    ; r_out[1] ;
; N/A   ; None              ; 13.721 ns       ; bit_sel[0] ; r_out[5] ;
; N/A   ; None              ; 13.712 ns       ; b_in[3]    ; r_out[5] ;
; N/A   ; None              ; 13.709 ns       ; b_in[4]    ; r_out[5] ;
; N/A   ; None              ; 13.704 ns       ; bit_sel[2] ; r_out[1] ;
; N/A   ; None              ; 13.702 ns       ; bit_sel[2] ; r_out[5] ;
; N/A   ; None              ; 13.670 ns       ; a_in[6]    ; r_out[6] ;
; N/A   ; None              ; 13.664 ns       ; op_sel[3]  ; r_out[1] ;
; N/A   ; None              ; 13.664 ns       ; op_sel[1]  ; r_out[0] ;
; N/A   ; None              ; 13.648 ns       ; b_in[2]    ; r_out[4] ;
; N/A   ; None              ; 13.645 ns       ; b_in[5]    ; r_out[6] ;
; N/A   ; None              ; 13.639 ns       ; bit_sel[1] ; r_out[2] ;
; N/A   ; None              ; 13.633 ns       ; bit_sel[2] ; r_out[0] ;
; N/A   ; None              ; 13.632 ns       ; bit_sel[0] ; r_out[0] ;
; N/A   ; None              ; 13.625 ns       ; b_in[1]    ; r_out[4] ;
; N/A   ; None              ; 13.621 ns       ; a_in[0]    ; c_out    ;
; N/A   ; None              ; 13.587 ns       ; bit_sel[0] ; r_out[3] ;
; N/A   ; None              ; 13.557 ns       ; bit_sel[2] ; r_out[3] ;
; N/A   ; None              ; 13.550 ns       ; b_in[7]    ; c_out    ;
; N/A   ; None              ; 13.545 ns       ; a_in[6]    ; r_out[5] ;
; N/A   ; None              ; 13.540 ns       ; b_in[6]    ; r_out[7] ;
; N/A   ; None              ; 13.540 ns       ; op_sel[3]  ; r_out[3] ;
; N/A   ; None              ; 13.533 ns       ; bit_sel[2] ; r_out[4] ;
; N/A   ; None              ; 13.525 ns       ; b_in[6]    ; r_out[6] ;
; N/A   ; None              ; 13.525 ns       ; bit_sel[0] ; r_out[4] ;
; N/A   ; None              ; 13.519 ns       ; op_sel[3]  ; r_out[2] ;
; N/A   ; None              ; 13.513 ns       ; bit_sel[0] ; r_out[7] ;
; N/A   ; None              ; 13.503 ns       ; bit_sel[2] ; r_out[7] ;
; N/A   ; None              ; 13.486 ns       ; b_in[2]    ; r_out[2] ;
; N/A   ; None              ; 13.467 ns       ; a_in[2]    ; r_out[6] ;
; N/A   ; None              ; 13.463 ns       ; b_in[3]    ; r_out[7] ;
; N/A   ; None              ; 13.460 ns       ; b_in[4]    ; r_out[7] ;
; N/A   ; None              ; 13.414 ns       ; a_in[2]    ; r_out[5] ;
; N/A   ; None              ; 13.389 ns       ; bit_sel[2] ; r_out[2] ;
; N/A   ; None              ; 13.369 ns       ; bit_sel[0] ; r_out[2] ;
; N/A   ; None              ; 13.366 ns       ; op_sel[3]  ; r_out[4] ;
; N/A   ; None              ; 13.343 ns       ; b_in[5]    ; r_out[7] ;
; N/A   ; None              ; 13.277 ns       ; b_in[5]    ; r_out[5] ;
; N/A   ; None              ; 13.266 ns       ; a_in[4]    ; c_out    ;
; N/A   ; None              ; 13.255 ns       ; a_in[0]    ; r_out[6] ;
; N/A   ; None              ; 13.202 ns       ; a_in[0]    ; r_out[5] ;
; N/A   ; None              ; 13.181 ns       ; a_in[6]    ; r_out[7] ;
; N/A   ; None              ; 13.165 ns       ; a_in[2]    ; r_out[7] ;
; N/A   ; None              ; 13.127 ns       ; c_in       ; z_out    ;
; N/A   ; None              ; 13.083 ns       ; a_in[3]    ; c_out    ;
; N/A   ; None              ; 13.052 ns       ; b_in[3]    ; r_out[4] ;
; N/A   ; None              ; 13.008 ns       ; a_in[7]    ; c_out    ;
; N/A   ; None              ; 12.996 ns       ; a_in[3]    ; r_out[3] ;
; N/A   ; None              ; 12.958 ns       ; a_in[5]    ; r_out[5] ;
; N/A   ; None              ; 12.953 ns       ; a_in[0]    ; r_out[7] ;
; N/A   ; None              ; 12.952 ns       ; b_in[3]    ; r_out[3] ;
; N/A   ; None              ; 12.949 ns       ; a_in[5]    ; c_out    ;
; N/A   ; None              ; 12.937 ns       ; a_in[2]    ; r_out[2] ;
; N/A   ; None              ; 12.928 ns       ; a_in[2]    ; r_out[3] ;
; N/A   ; None              ; 12.900 ns       ; a_in[4]    ; r_out[6] ;
; N/A   ; None              ; 12.847 ns       ; a_in[4]    ; r_out[5] ;
; N/A   ; None              ; 12.833 ns       ; a_in[0]    ; r_out[1] ;
; N/A   ; None              ; 12.769 ns       ; a_in[7]    ; r_out[7] ;
; N/A   ; None              ; 12.754 ns       ; a_in[2]    ; r_out[4] ;
; N/A   ; None              ; 12.733 ns       ; b_in[4]    ; r_out[4] ;
; N/A   ; None              ; 12.717 ns       ; a_in[3]    ; r_out[6] ;
; N/A   ; None              ; 12.716 ns       ; a_in[0]    ; r_out[3] ;
; N/A   ; None              ; 12.695 ns       ; a_in[0]    ; r_out[2] ;
; N/A   ; None              ; 12.664 ns       ; a_in[3]    ; r_out[5] ;
; N/A   ; None              ; 12.649 ns       ; a_in[7]    ; r_out[6] ;
; N/A   ; None              ; 12.598 ns       ; a_in[4]    ; r_out[7] ;
; N/A   ; None              ; 12.583 ns       ; a_in[5]    ; r_out[6] ;
; N/A   ; None              ; 12.570 ns       ; b_in[7]    ; r_out[7] ;
; N/A   ; None              ; 12.565 ns       ; a_in[4]    ; r_out[4] ;
; N/A   ; None              ; 12.542 ns       ; a_in[0]    ; r_out[4] ;
; N/A   ; None              ; 12.415 ns       ; a_in[3]    ; r_out[7] ;
; N/A   ; None              ; 12.281 ns       ; a_in[5]    ; r_out[7] ;
; N/A   ; None              ; 12.184 ns       ; a_in[4]    ; r_out[3] ;
; N/A   ; None              ; 12.145 ns       ; a_in[2]    ; r_out[1] ;
; N/A   ; None              ; 12.109 ns       ; b_in[0]    ; dc_out   ;
; N/A   ; None              ; 12.105 ns       ; a_in[2]    ; dc_out   ;
; N/A   ; None              ; 12.004 ns       ; a_in[3]    ; r_out[4] ;
; N/A   ; None              ; 11.987 ns       ; a_in[6]    ; r_out[2] ;
; N/A   ; None              ; 11.874 ns       ; b_in[2]    ; dc_out   ;
; N/A   ; None              ; 11.857 ns       ; c_in       ; r_out[0] ;
; N/A   ; None              ; 11.828 ns       ; a_in[3]    ; dc_out   ;
; N/A   ; None              ; 11.806 ns       ; a_in[0]    ; dc_out   ;
; N/A   ; None              ; 11.805 ns       ; b_in[1]    ; dc_out   ;
; N/A   ; None              ; 11.787 ns       ; c_in       ; r_out[7] ;
; N/A   ; None              ; 11.730 ns       ; a_in[5]    ; r_out[1] ;
; N/A   ; None              ; 11.646 ns       ; a_in[3]    ; r_out[2] ;
; N/A   ; None              ; 11.601 ns       ; a_in[5]    ; r_out[4] ;
; N/A   ; None              ; 11.593 ns       ; a_in[4]    ; r_out[0] ;
; N/A   ; None              ; 11.519 ns       ; b_in[3]    ; dc_out   ;
; N/A   ; None              ; 11.260 ns       ; op_sel[2]  ; z_out    ;
; N/A   ; None              ; 11.149 ns       ; a_in[7]    ; r_out[3] ;
; N/A   ; None              ; 11.032 ns       ; a_in[1]    ; z_out    ;
; N/A   ; None              ; 10.451 ns       ; op_sel[2]  ; c_out    ;
; N/A   ; None              ; 10.237 ns       ; op_sel[0]  ; dc_out   ;
; N/A   ; None              ; 10.196 ns       ; a_in[1]    ; c_out    ;
; N/A   ; None              ; 10.085 ns       ; op_sel[2]  ; r_out[6] ;
; N/A   ; None              ; 10.032 ns       ; op_sel[2]  ; r_out[5] ;
; N/A   ; None              ; 9.978 ns        ; a_in[1]    ; r_out[1] ;
; N/A   ; None              ; 9.830 ns        ; a_in[1]    ; r_out[6] ;
; N/A   ; None              ; 9.783 ns        ; op_sel[2]  ; r_out[7] ;
; N/A   ; None              ; 9.777 ns        ; a_in[1]    ; r_out[5] ;
; N/A   ; None              ; 9.663 ns        ; op_sel[2]  ; r_out[1] ;
; N/A   ; None              ; 9.546 ns        ; op_sel[2]  ; r_out[3] ;
; N/A   ; None              ; 9.528 ns        ; a_in[1]    ; r_out[7] ;
; N/A   ; None              ; 9.525 ns        ; op_sel[2]  ; r_out[2] ;
; N/A   ; None              ; 9.372 ns        ; op_sel[2]  ; r_out[4] ;
; N/A   ; None              ; 9.291 ns        ; a_in[1]    ; r_out[3] ;
; N/A   ; None              ; 9.270 ns        ; a_in[1]    ; r_out[2] ;
; N/A   ; None              ; 9.117 ns        ; a_in[1]    ; r_out[4] ;
; N/A   ; None              ; 8.894 ns        ; op_sel[2]  ; r_out[0] ;
; N/A   ; None              ; 8.566 ns        ; a_in[1]    ; r_out[0] ;
; N/A   ; None              ; 8.310 ns        ; a_in[1]    ; dc_out   ;
+-------+-------------------+-----------------+------------+----------+


+--------------------------+
; Timing Analyzer Messages ;
+--------------------------+
Info: *******************************************************************
Info: Running Quartus II Classic Timing Analyzer
    Info: Version 9.1 Build 350 03/24/2010 Service Pack 2 SJ Web Edition
    Info: Processing started: Thu Dec 12 22:10:59 2024
Info: Command: quartus_tan --read_settings_files=off --write_settings_files=off ULA -c ULA --timing_analysis_only
Info: Longest tpd from source pin "op_sel[0]" to destination pin "z_out" is 16.364 ns
    Info: 1: + IC(0.000 ns) + CELL(0.820 ns) = 0.820 ns; Loc. = PIN_F11; Fanout = 32; PIN Node = 'op_sel[0]'
    Info: 2: + IC(5.835 ns) + CELL(0.275 ns) = 6.930 ns; Loc. = LCCOMB_X17_Y29_N18; Fanout = 1; COMB Node = 'Add0~1'
    Info: 3: + IC(0.660 ns) + CELL(0.275 ns) = 7.865 ns; Loc. = LCCOMB_X15_Y29_N24; Fanout = 2; COMB Node = 'Add0~2'
    Info: 4: + IC(0.439 ns) + CELL(0.393 ns) = 8.697 ns; Loc. = LCCOMB_X16_Y29_N2; Fanout = 2; COMB Node = 'Add0~6'
    Info: 5: + IC(0.000 ns) + CELL(0.071 ns) = 8.768 ns; Loc. = LCCOMB_X16_Y29_N4; Fanout = 2; COMB Node = 'Add0~9'
    Info: 6: + IC(0.000 ns) + CELL(0.071 ns) = 8.839 ns; Loc. = LCCOMB_X16_Y29_N6; Fanout = 2; COMB Node = 'Add0~12'
    Info: 7: + IC(0.000 ns) + CELL(0.071 ns) = 8.910 ns; Loc. = LCCOMB_X16_Y29_N8; Fanout = 2; COMB Node = 'Add0~15'
    Info: 8: + IC(0.000 ns) + CELL(0.071 ns) = 8.981 ns; Loc. = LCCOMB_X16_Y29_N10; Fanout = 2; COMB Node = 'Add0~18'
    Info: 9: + IC(0.000 ns) + CELL(0.410 ns) = 9.391 ns; Loc. = LCCOMB_X16_Y29_N12; Fanout = 1; COMB Node = 'Add0~20'
    Info: 10: + IC(0.784 ns) + CELL(0.275 ns) = 10.450 ns; Loc. = LCCOMB_X15_Y30_N0; Fanout = 1; COMB Node = 'Mux3~2'
    Info: 11: + IC(0.246 ns) + CELL(0.420 ns) = 11.116 ns; Loc. = LCCOMB_X15_Y30_N26; Fanout = 2; COMB Node = 'Mux3~6'
    Info: 12: + IC(0.752 ns) + CELL(0.371 ns) = 12.239 ns; Loc. = LCCOMB_X15_Y29_N18; Fanout = 1; COMB Node = 'z_out~2'
    Info: 13: + IC(0.251 ns) + CELL(0.150 ns) = 12.640 ns; Loc. = LCCOMB_X15_Y29_N6; Fanout = 1; COMB Node = 'z_out~3'
    Info: 14: + IC(0.946 ns) + CELL(2.778 ns) = 16.364 ns; Loc. = PIN_G10; Fanout = 0; PIN Node = 'z_out'
    Info: Total cell delay = 6.451 ns ( 39.42 % )
    Info: Total interconnect delay = 9.913 ns ( 60.58 % )
Info: Quartus II Classic Timing Analyzer was successful. 0 errors, 0 warnings
    Info: Peak virtual memory: 88 megabytes
    Info: Processing ended: Thu Dec 12 22:10:59 2024
    Info: Elapsed time: 00:00:00
    Info: Total CPU time (on all processors): 00:00:00


